<?xml version="1.0" encoding="UTF-8"?>
<!-- Generated by org.testng.reporters.JUnitXMLReporter -->
<testsuite ignored="0" hostname="EXIPC0241" failures="0" tests="2" name="Test" time="0.048" errors="0" timestamp="2021-10-19T18:25:25 IST">
  <testcase classname="resources.Base" name="@BeforeTest setup" time="0.009">
    <failure type="java.lang.NullPointerException" message="Cannot invoke &amp;quot;java.util.Properties.load(java.io.InputStream)&amp;quot; because &amp;quot;this.prop&amp;quot; is null">
      <![CDATA[java.lang.NullPointerException: Cannot invoke "java.util.Properties.load(java.io.InputStream)" because "this.prop" is null
at resources.Base.getProject(Base.java:57)
at resources.Base.setup(Base.java:29)
... Removed 24 stack frames]]>
    </failure>
  </testcase> <!-- @BeforeTest setup -->
  <testcase classname="webApplication.Amazon_TC" name="@BeforeMethod setUp" time="-1.634648125194E9">
    <skipped/>
  </testcase> <!-- @BeforeMethod setUp -->
  <testcase classname="webApplication.Amazon_TC" name="@AfterMethod tearDown" time="-1.6346481252E9">
    <skipped/>
  </testcase> <!-- @AfterMethod tearDown -->
  <testcase classname="webApplication.Amazon_TC" name="@BeforeMethod setUp" time="-1.634648125202E9">
    <skipped/>
  </testcase> <!-- @BeforeMethod setUp -->
  <testcase classname="webApplication.Amazon_TC" name="@AfterMethod tearDown" time="-1.634648125204E9">
    <skipped/>
  </testcase> <!-- @AfterMethod tearDown -->
  <testcase classname="resources.Base" name="@AfterTest teardown" time="-1.634648125207E9">
    <skipped/>
  </testcase> <!-- @AfterTest teardown -->
  <testcase classname="webApplication.Amazon_TC" name="do_amazon_login" time="0.0">
    <skipped/>
  </testcase> <!-- do_amazon_login -->
  <testcase classname="webApplication.Amazon_TC" name="do_amazon_register" time="0.0">
    <skipped/>
  </testcase> <!-- do_amazon_register -->
</testsuite> <!-- Test -->
