<?xml version="1.0" encoding="UTF-8"?>
<!-- Generated by org.testng.reporters.JUnitXMLReporter -->
<testsuite ignored="1" hostname="EXIPC0241" failures="0" tests="1" name="Default test" time="12.013" errors="0" timestamp="2021-10-19T22:42:37 IST">
  <testcase classname="webApplication.Amazon_TC" name="do_amazon_login" time="7.824"/>
  <testcase classname="webApplication.Amazon_TC" name="do_amazon_register" time="0.0">
    <ignored/>
  </testcase> <!-- do_amazon_register -->
</testsuite> <!-- Default test -->
